2020-12-09 16:40:05,864 - instabot version: 0.117.0 (bot) - INFO - Instabot version: 0.117.0 Started
2020-12-09 16:40:05,864 - instabot version: 0.117.0 (bot) - DEBUG - Bot imported from C:\Users\danie\AppData\Local\Packages\PythonSoftwareFoundation.Python.3.7_qbz5n2kfra8p0\LocalCache\local-packages\Python37\site-packages\instabot\bot\bot.py
2020-12-09 16:40:05,865 - instabot version: 0.117.0 (api_login) - DEBUG - Loading cookies
2020-12-09 16:40:05,865 - instabot version: 0.117.0 (api_login) - DEBUG - Loading uuids
2020-12-09 16:40:05,866 - instabot version: 0.117.0 (api_login) - INFO - Recovery from C:\Users\danie\Projects\insta/config/voiceofws_uuid_and_cookie.json: COOKIE True - UUIDs True - TIMING, DEVICE and ...
- user-agent=Instagram 117.0.0.28.123 Android (28/9.0; 420dpi; 1080x1920; OnePlus; ONEPLUS A3003; OnePlus3; qcom; en_US; 180322800)
- phone_id=c497c0df-f70d-4de2-b0f8-eade43c03b8d
- uuid=63bacc43-e7a4-43fb-afce-d6c6ef72882e
- client_session_id=1342df90-0aab-4903-97fc-0575bdc8b954
- device_id=android-2d77bd164e2c612b
2020-12-09 16:40:05,867 - instabot version: 0.117.0 (api_login) - INFO - LOGIN FLOW! Just logged-in: False
2020-12-09 16:40:06,878 - instabot version: 0.117.0 (api) - DEBUG - POST to endpoint: feed/timeline/ returned response: <Response [200]>
2020-12-09 16:40:07,170 - instabot version: 0.117.0 (api) - DEBUG - POST to endpoint: feed/reels_tray/ returned response: <Response [200]>
2020-12-09 16:40:07,392 - instabot version: 0.117.0 (api) - DEBUG - POST to endpoint: direct_v2/ranked_recipients/ returned response: <Response [200]>
2020-12-09 16:40:07,613 - instabot version: 0.117.0 (api) - DEBUG - POST to endpoint: direct_v2/ranked_recipients/ returned response: <Response [200]>
2020-12-09 16:40:07,895 - instabot version: 0.117.0 (api) - DEBUG - POST to endpoint: direct_v2/inbox/ returned response: <Response [200]>
2020-12-09 16:40:08,153 - instabot version: 0.117.0 (api) - DEBUG - GET to endpoint: direct_v2/get_presence/ returned response: <Response [200]>
2020-12-09 16:40:08,498 - instabot version: 0.117.0 (api) - DEBUG - GET to endpoint: news/inbox/?limited_activity=true&show_su=true returned response: <Response [200]>
2020-12-09 16:40:08,719 - instabot version: 0.117.0 (api) - DEBUG - GET to endpoint: users/profile_notice/ returned response: <Response [200]>
2020-12-09 16:40:08,972 - instabot version: 0.117.0 (api) - DEBUG - POST to endpoint: discover/explore/ returned response: <Response [200]>
2020-12-09 16:40:08,974 - instabot version: 0.117.0 (api) - INFO - Logged-in successfully as 'voiceofws'!
2020-12-09 16:40:08,974 - instabot version: 0.117.0 (bot_checkpoint) - DEBUG - Loading Checkpoint file from: C:\Users\danie\Projects\insta/config/voiceofws.checkpoint
2020-12-09 16:40:29,137 - instabot version: 0.117.0 (api) - DEBUG - POST to endpoint: media/configure/? returned response: <Response [200]>
2020-12-09 16:40:29,360 - instabot version: 0.117.0 (api) - DEBUG - POST to endpoint: qe/expose/ returned response: <Response [200]>
2020-12-09 16:40:29,361 - instabot version: 0.117.0 (bot_photo) - INFO - Photo 'post 2.jpg' is uploaded.
2020-12-09 16:41:12,764 - instabot version: 0.117.0 (bot_checkpoint) - DEBUG - Saving Checkpoint file to: C:\Users\danie\Projects\insta/config/voiceofws.checkpoint
2020-12-09 16:41:12,765 - instabot version: 0.117.0 (bot) - INFO - Total requests: 59
