2020-12-09 18:15:09,239 - instabot version: 0.117.0 (bot) - INFO - Instabot version: 0.117.0 Started
2020-12-09 18:15:09,240 - instabot version: 0.117.0 (bot) - DEBUG - Bot imported from C:\Users\danie\AppData\Local\Packages\PythonSoftwareFoundation.Python.3.7_qbz5n2kfra8p0\LocalCache\local-packages\Python37\site-packages\instabot\bot\bot.py
2020-12-09 18:15:09,241 - instabot version: 0.117.0 (api_login) - DEBUG - Loading cookies
2020-12-09 18:15:09,241 - instabot version: 0.117.0 (api_login) - DEBUG - Loading uuids
2020-12-09 18:15:09,241 - instabot version: 0.117.0 (api_login) - INFO - Recovery from C:\Users\danie\Projects\insta/config/voiceofws_uuid_and_cookie.json: COOKIE True - UUIDs True - TIMING, DEVICE and ...
- user-agent=Instagram 117.0.0.28.123 Android (28/9.0; 420dpi; 1080x1920; OnePlus; ONEPLUS A3003; OnePlus3; qcom; en_US; 180322800)
- phone_id=c497c0df-f70d-4de2-b0f8-eade43c03b8d
- uuid=63bacc43-e7a4-43fb-afce-d6c6ef72882e
- client_session_id=d7b75f08-a229-45fb-9387-9d5983a70581
- device_id=android-2d77bd164e2c612b
2020-12-09 18:15:09,241 - instabot version: 0.117.0 (api_login) - INFO - LOGIN FLOW! Just logged-in: False
2020-12-09 18:15:09,889 - instabot version: 0.117.0 (api) - DEBUG - POST to endpoint: feed/timeline/ returned response: <Response [200]>
2020-12-09 18:15:10,339 - instabot version: 0.117.0 (api) - DEBUG - POST to endpoint: feed/reels_tray/ returned response: <Response [200]>
2020-12-09 18:15:10,656 - instabot version: 0.117.0 (api) - DEBUG - POST to endpoint: direct_v2/ranked_recipients/ returned response: <Response [200]>
2020-12-09 18:15:10,896 - instabot version: 0.117.0 (api) - DEBUG - POST to endpoint: direct_v2/ranked_recipients/ returned response: <Response [200]>
2020-12-09 18:15:11,204 - instabot version: 0.117.0 (api) - DEBUG - POST to endpoint: direct_v2/inbox/ returned response: <Response [200]>
2020-12-09 18:15:11,456 - instabot version: 0.117.0 (api) - DEBUG - GET to endpoint: direct_v2/get_presence/ returned response: <Response [200]>
2020-12-09 18:15:11,870 - instabot version: 0.117.0 (api) - DEBUG - GET to endpoint: news/inbox/?limited_activity=true&show_su=true returned response: <Response [200]>
2020-12-09 18:15:12,119 - instabot version: 0.117.0 (api) - DEBUG - GET to endpoint: users/profile_notice/ returned response: <Response [200]>
2020-12-09 18:15:12,376 - instabot version: 0.117.0 (api) - DEBUG - POST to endpoint: discover/explore/ returned response: <Response [200]>
2020-12-09 18:15:12,379 - instabot version: 0.117.0 (api) - INFO - Logged-in successfully as 'voiceofws'!
2020-12-09 18:15:12,379 - instabot version: 0.117.0 (bot_checkpoint) - DEBUG - Loading Checkpoint file from: C:\Users\danie\Projects\insta/config/voiceofws.checkpoint
2020-12-09 18:15:25,907 - instabot version: 0.117.0 (bot_checkpoint) - DEBUG - Saving Checkpoint file to: C:\Users\danie\Projects\insta/config/voiceofws.checkpoint
2020-12-09 18:15:25,908 - instabot version: 0.117.0 (bot) - INFO - Total requests: 69
