2020-12-10 00:40:47,501 - instabot version: 0.117.0 (bot) - INFO - Instabot version: 0.117.0 Started
2020-12-10 00:40:47,504 - instabot version: 0.117.0 (bot) - DEBUG - Bot imported from C:\Users\danie\AppData\Local\Packages\PythonSoftwareFoundation.Python.3.7_qbz5n2kfra8p0\LocalCache\local-packages\Python37\site-packages\instabot\bot\bot.py
2020-12-10 00:40:47,505 - instabot version: 0.117.0 (api_login) - DEBUG - Loading cookies
2020-12-10 00:40:47,506 - instabot version: 0.117.0 (api_login) - DEBUG - Loading uuids
2020-12-10 00:40:47,506 - instabot version: 0.117.0 (api_login) - INFO - Recovery from C:\Users\danie\Projects\insta/config/voiceofws_uuid_and_cookie.json: COOKIE True - UUIDs True - TIMING, DEVICE and ...
- user-agent=Instagram 117.0.0.28.123 Android (28/9.0; 420dpi; 1080x1920; OnePlus; ONEPLUS A3003; OnePlus3; qcom; en_US; 180322800)
- phone_id=c497c0df-f70d-4de2-b0f8-eade43c03b8d
- uuid=63bacc43-e7a4-43fb-afce-d6c6ef72882e
- client_session_id=e174acf8-625a-4168-8675-0793f1df8b81
- device_id=android-2d77bd164e2c612b
2020-12-10 00:40:47,510 - instabot version: 0.117.0 (api_login) - INFO - LOGIN FLOW! Just logged-in: False
2020-12-10 00:40:48,006 - instabot version: 0.117.0 (api) - DEBUG - POST to endpoint: feed/timeline/ returned response: <Response [200]>
2020-12-10 00:40:48,322 - instabot version: 0.117.0 (api) - DEBUG - POST to endpoint: feed/reels_tray/ returned response: <Response [200]>
2020-12-10 00:40:48,323 - instabot version: 0.117.0 (api) - INFO - Logged-in successfully as 'voiceofws'!
2020-12-10 00:40:48,325 - instabot version: 0.117.0 (bot_checkpoint) - DEBUG - Loading Checkpoint file from: C:\Users\danie\Projects\insta/config/voiceofws.checkpoint
2020-12-10 00:40:50,062 - instabot version: 0.117.0 (bot) - INFO - Instabot version: 0.117.0 Started
2020-12-10 00:40:50,067 - instabot version: 0.117.0 (bot) - DEBUG - Bot imported from C:\Users\danie\AppData\Local\Packages\PythonSoftwareFoundation.Python.3.7_qbz5n2kfra8p0\LocalCache\local-packages\Python37\site-packages\instabot\bot\bot.py
2020-12-10 00:40:50,073 - instabot version: 0.117.0 (api_login) - DEBUG - Loading cookies
2020-12-10 00:40:50,074 - instabot version: 0.117.0 (api_login) - DEBUG - Loading uuids
2020-12-10 00:40:50,074 - instabot version: 0.117.0 (api_login) - INFO - Recovery from C:\Users\danie\Projects\insta/config/voiceofws_uuid_and_cookie.json: COOKIE True - UUIDs True - TIMING, DEVICE and ...
- user-agent=Instagram 117.0.0.28.123 Android (28/9.0; 420dpi; 1080x1920; OnePlus; ONEPLUS A3003; OnePlus3; qcom; en_US; 180322800)
- phone_id=c497c0df-f70d-4de2-b0f8-eade43c03b8d
- uuid=63bacc43-e7a4-43fb-afce-d6c6ef72882e
- client_session_id=e174acf8-625a-4168-8675-0793f1df8b81
- device_id=android-2d77bd164e2c612b
2020-12-10 00:40:50,080 - instabot version: 0.117.0 (api_login) - INFO - LOGIN FLOW! Just logged-in: False
2020-12-10 00:40:50,878 - instabot version: 0.117.0 (api) - DEBUG - POST to endpoint: feed/timeline/ returned response: <Response [200]>
2020-12-10 00:40:51,491 - instabot version: 0.117.0 (api) - DEBUG - POST to endpoint: feed/reels_tray/ returned response: <Response [200]>
2020-12-10 00:40:51,492 - instabot version: 0.117.0 (api) - INFO - Logged-in successfully as 'voiceofws'!
2020-12-10 00:40:51,496 - instabot version: 0.117.0 (bot_checkpoint) - DEBUG - Loading Checkpoint file from: C:\Users\danie\Projects\insta/config/voiceofws.checkpoint
2020-12-10 00:40:53,136 - instabot version: 0.117.0 (bot) - INFO - Instabot version: 0.117.0 Started
2020-12-10 00:40:53,142 - instabot version: 0.117.0 (bot) - DEBUG - Bot imported from C:\Users\danie\AppData\Local\Packages\PythonSoftwareFoundation.Python.3.7_qbz5n2kfra8p0\LocalCache\local-packages\Python37\site-packages\instabot\bot\bot.py
2020-12-10 00:40:53,143 - instabot version: 0.117.0 (api_login) - DEBUG - Loading cookies
2020-12-10 00:40:53,144 - instabot version: 0.117.0 (api_login) - DEBUG - Loading uuids
2020-12-10 00:40:53,144 - instabot version: 0.117.0 (api_login) - INFO - Recovery from C:\Users\danie\Projects\insta/config/voiceofws_uuid_and_cookie.json: COOKIE True - UUIDs True - TIMING, DEVICE and ...
- user-agent=Instagram 117.0.0.28.123 Android (28/9.0; 420dpi; 1080x1920; OnePlus; ONEPLUS A3003; OnePlus3; qcom; en_US; 180322800)
- phone_id=c497c0df-f70d-4de2-b0f8-eade43c03b8d
- uuid=63bacc43-e7a4-43fb-afce-d6c6ef72882e
- client_session_id=e174acf8-625a-4168-8675-0793f1df8b81
- device_id=android-2d77bd164e2c612b
2020-12-10 00:40:53,150 - instabot version: 0.117.0 (api_login) - INFO - LOGIN FLOW! Just logged-in: False
2020-12-10 00:40:53,664 - instabot version: 0.117.0 (api) - DEBUG - POST to endpoint: feed/timeline/ returned response: <Response [200]>
2020-12-10 00:40:53,956 - instabot version: 0.117.0 (api) - DEBUG - POST to endpoint: feed/reels_tray/ returned response: <Response [200]>
2020-12-10 00:40:53,957 - instabot version: 0.117.0 (api) - INFO - Logged-in successfully as 'voiceofws'!
2020-12-10 00:40:53,960 - instabot version: 0.117.0 (bot_checkpoint) - DEBUG - Loading Checkpoint file from: C:\Users\danie\Projects\insta/config/voiceofws.checkpoint
2020-12-10 00:41:03,020 - instabot version: 0.117.0 (api) - DEBUG - POST to endpoint: media/configure/? returned response: <Response [200]>
2020-12-10 00:41:03,477 - instabot version: 0.117.0 (api) - DEBUG - POST to endpoint: qe/expose/ returned response: <Response [200]>
2020-12-10 00:41:03,477 - instabot version: 0.117.0 (api) - DEBUG - POST to endpoint: media/configure/? returned response: <Response [200]>
2020-12-10 00:41:03,478 - instabot version: 0.117.0 (bot_photo) - INFO - Photo 'post 12.jpg' is uploaded.
2020-12-10 00:41:03,779 - instabot version: 0.117.0 (api) - DEBUG - POST to endpoint: qe/expose/ returned response: <Response [200]>
2020-12-10 00:41:03,780 - instabot version: 0.117.0 (bot_photo) - INFO - Photo 'post 11.jpg' is uploaded.
2020-12-10 00:41:05,787 - instabot version: 0.117.0 (api) - DEBUG - POST to endpoint: media/configure/? returned response: <Response [200]>
2020-12-10 00:41:06,144 - instabot version: 0.117.0 (api) - DEBUG - POST to endpoint: qe/expose/ returned response: <Response [200]>
2020-12-10 00:41:06,145 - instabot version: 0.117.0 (bot_photo) - INFO - Photo 'post 13.jpg' is uploaded.
2020-12-10 00:41:07,451 - instabot version: 0.117.0 (api) - DEBUG - POST to endpoint: media/configure/? returned response: <Response [200]>
2020-12-10 00:41:07,671 - instabot version: 0.117.0 (api) - DEBUG - POST to endpoint: qe/expose/ returned response: <Response [200]>
2020-12-10 00:41:07,672 - instabot version: 0.117.0 (bot_photo) - INFO - Photo 'post 14.jpg' is uploaded.
2020-12-10 00:41:12,394 - instabot version: 0.117.0 (api) - DEBUG - POST to endpoint: media/configure/? returned response: <Response [200]>
2020-12-10 00:41:12,616 - instabot version: 0.117.0 (api) - DEBUG - POST to endpoint: qe/expose/ returned response: <Response [200]>
2020-12-10 00:41:12,617 - instabot version: 0.117.0 (bot_photo) - INFO - Photo 'post 15.jpg' is uploaded.
2020-12-10 00:41:15,305 - instabot version: 0.117.0 (api) - DEBUG - POST to endpoint: media/configure/? returned response: <Response [200]>
2020-12-10 00:41:15,546 - instabot version: 0.117.0 (api) - DEBUG - POST to endpoint: qe/expose/ returned response: <Response [200]>
2020-12-10 00:41:15,547 - instabot version: 0.117.0 (bot_photo) - INFO - Photo 'post 16.jpg' is uploaded.
