2020-12-09 13:57:42,130 - instabot version: 0.117.0 (bot) - INFO - Instabot version: 0.117.0 Started
2020-12-09 13:57:42,130 - instabot version: 0.117.0 (bot) - DEBUG - Bot imported from C:\Users\danie\AppData\Local\Packages\PythonSoftwareFoundation.Python.3.7_qbz5n2kfra8p0\LocalCache\local-packages\Python37\site-packages\instabot\bot\bot.py
2020-12-09 13:57:42,137 - instabot version: 0.117.0 (api_login) - DEBUG - Loading cookies
2020-12-09 13:57:42,138 - instabot version: 0.117.0 (api_login) - DEBUG - Loading uuids
2020-12-09 13:57:42,138 - instabot version: 0.117.0 (api_login) - INFO - Recovery from C:\Users\danie\Projects\insta/config/voiceofws_uuid_and_cookie.json: COOKIE True - UUIDs True - TIMING, DEVICE and ...
- user-agent=Instagram 117.0.0.28.123 Android (28/9.0; 420dpi; 1080x1920; OnePlus; ONEPLUS A3003; OnePlus3; qcom; en_US; 180322800)
- phone_id=c497c0df-f70d-4de2-b0f8-eade43c03b8d
- uuid=63bacc43-e7a4-43fb-afce-d6c6ef72882e
- client_session_id=897174f2-41eb-48a7-a7ea-eebe049cc976
- device_id=android-2d77bd164e2c612b
2020-12-09 13:57:42,139 - instabot version: 0.117.0 (api_login) - INFO - LOGIN FLOW! Just logged-in: False
2020-12-09 13:57:42,694 - instabot version: 0.117.0 (api) - DEBUG - POST to endpoint: feed/timeline/ returned response: <Response [200]>
2020-12-09 13:57:43,237 - instabot version: 0.117.0 (api) - DEBUG - POST to endpoint: feed/reels_tray/ returned response: <Response [200]>
2020-12-09 13:57:43,544 - instabot version: 0.117.0 (api) - DEBUG - POST to endpoint: direct_v2/ranked_recipients/ returned response: <Response [200]>
2020-12-09 13:57:43,851 - instabot version: 0.117.0 (api) - DEBUG - POST to endpoint: direct_v2/ranked_recipients/ returned response: <Response [200]>
2020-12-09 13:57:44,158 - instabot version: 0.117.0 (api) - DEBUG - POST to endpoint: direct_v2/inbox/ returned response: <Response [200]>
2020-12-09 13:57:44,465 - instabot version: 0.117.0 (api) - DEBUG - GET to endpoint: direct_v2/get_presence/ returned response: <Response [200]>
2020-12-09 13:57:44,937 - instabot version: 0.117.0 (api) - DEBUG - GET to endpoint: news/inbox/?limited_activity=true&show_su=true returned response: <Response [200]>
2020-12-09 13:57:45,388 - instabot version: 0.117.0 (api) - DEBUG - GET to endpoint: users/profile_notice/ returned response: <Response [200]>
2020-12-09 13:57:45,657 - instabot version: 0.117.0 (api) - DEBUG - POST to endpoint: discover/explore/ returned response: <Response [200]>
2020-12-09 13:57:45,658 - instabot version: 0.117.0 (api) - INFO - Logged-in successfully as 'voiceofws'!
2020-12-09 13:57:45,659 - instabot version: 0.117.0 (bot_checkpoint) - DEBUG - Loading Checkpoint file from: C:\Users\danie\Projects\insta/config/voiceofws.checkpoint
2020-12-09 13:58:07,041 - instabot version: 0.117.0 (api) - DEBUG - POST to endpoint: media/configure/? returned response: <Response [200]>
2020-12-09 13:58:07,255 - instabot version: 0.117.0 (api) - DEBUG - POST to endpoint: qe/expose/ returned response: <Response [200]>
2020-12-09 15:01:54,271 - instabot version: 0.117.0 (bot_checkpoint) - DEBUG - Saving Checkpoint file to: C:\Users\danie\Projects\insta/config/voiceofws.checkpoint
2020-12-09 15:01:54,271 - instabot version: 0.117.0 (bot) - INFO - Total requests: 57
